<?xml version="1.0" encoding="UTF-8"?>
<!-- Generated by org.testng.reporters.JUnitXMLReporter -->
<testsuite hostname="JavaMachine" ignored="4" name="Automatic tests" tests="24" failures="0" timestamp="2025-02-18T18:50:39 MSK" time="6.223" errors="0">
  <testcase name="testAddDomainIpPair" time="0.031" classname="org.project.PositiveTests"/>
  <testcase name="testAddDomainIpPair" time="0.014" classname="org.project.PositiveTests"/>
  <testcase name="testAddDomainIpPair" time="0.012" classname="org.project.PositiveTests"/>
  <testcase name="testGetDomainByIp" time="0.007" classname="org.project.PositiveTests"/>
  <testcase name="testGetDomainByIp" time="0.007" classname="org.project.PositiveTests"/>
  <testcase name="testGetDomainByIp" time="0.009" classname="org.project.PositiveTests"/>
  <testcase name="testGetIpByDomain" time="0.006" classname="org.project.PositiveTests"/>
  <testcase name="testGetIpByDomain" time="0.005" classname="org.project.PositiveTests"/>
  <testcase name="testGetIpByDomain" time="0.006" classname="org.project.PositiveTests"/>
  <testcase name="testIsValidIpv4" time="0.001" classname="org.project.PositiveTests"/>
  <testcase name="testLoadJsonFromFile" time="0.005" classname="org.project.PositiveTests"/>
  <testcase name="testRemoveDomainIpPairByDomain" time="0.013" classname="org.project.PositiveTests"/>
  <testcase name="testRemoveDomainIpPairByDomain" time="0.011" classname="org.project.PositiveTests"/>
  <testcase name="testRemoveDomainIpPairByDomain" time="0.009" classname="org.project.PositiveTests"/>
  <testcase name="testRemoveDomainIpPairByIp" time="0.01" classname="org.project.PositiveTests"/>
  <testcase name="testRemoveDomainIpPairByIp" time="0.01" classname="org.project.PositiveTests"/>
  <testcase name="testRemoveDomainIpPairByIp" time="0.011" classname="org.project.PositiveTests"/>
  <testcase name="testPrintDomainIpPairs" time="0.008" classname="org.project.PositiveTests"/>
  <testcase name="testInvalidFilePath" time="0.245" classname="org.project.NegativeTests"/>
  <testcase name="testInvalidHost" time="0.042" classname="org.project.NegativeTests"/>
  <testcase name="testInvalidKnownHostsPath" time="0.008" classname="org.project.NegativeTests"/>
  <testcase name="testInvalidPassword" time="0.142" classname="org.project.NegativeTests"/>
  <testcase name="testInvalidPort" time="2.292" classname="org.project.NegativeTests"/>
  <testcase name="testInvalidUsername" time="0.196" classname="org.project.NegativeTests"/>
  <testcase name="@BeforeTest setUp" time="0.0" classname="org.project.BasicTest">
    <ignored/>
  </testcase> <!-- @BeforeTest setUp -->
  <testcase name="@BeforeTest setUp" time="0.0" classname="org.project.BasicTest">
    <ignored/>
  </testcase> <!-- @BeforeTest setUp -->
  <testcase name="@AfterTest tearDown" time="0.0" classname="org.project.BasicTest">
    <ignored/>
  </testcase> <!-- @AfterTest tearDown -->
  <testcase name="@AfterTest tearDown" time="0.0" classname="org.project.BasicTest">
    <ignored/>
  </testcase> <!-- @AfterTest tearDown -->
</testsuite> <!-- Automatic tests -->
